{"/Users/maheshboda/Projects/DevTool/vite-project/src/components/GitHubRepos.jsx": {"path":"/Users/maheshboda/Projects/DevTool/vite-project/src/components/GitHubRepos.jsx","statementMap":{"0":{"start":{"line":5,"column":34},"end":{"line":5,"column":null}},"1":{"start":{"line":6,"column":28},"end":{"line":6,"column":null}},"2":{"start":{"line":7,"column":32},"end":{"line":7,"column":null}},"3":{"start":{"line":8,"column":28},"end":{"line":8,"column":null}},"4":{"start":{"line":10,"column":19},"end":{"line":10,"column":null}},"5":{"start":{"line":10,"column":33},"end":{"line":10,"column":61}},"6":{"start":{"line":13,"column":20},"end":{"line":13,"column":null}},"7":{"start":{"line":14,"column":4},"end":{"line":14,"column":null}},"8":{"start":{"line":14,"column":18},"end":{"line":14,"column":null}},"9":{"start":{"line":16,"column":4},"end":{"line":16,"column":null}},"10":{"start":{"line":17,"column":4},"end":{"line":17,"column":null}},"11":{"start":{"line":19,"column":4},"end":{"line":39,"column":null}},"12":{"start":{"line":20,"column":18},"end":{"line":23,"column":null}},"13":{"start":{"line":25,"column":6},"end":{"line":30,"column":null}},"14":{"start":{"line":26,"column":21},"end":{"line":26,"column":null}},"15":{"start":{"line":26,"column":50},"end":{"line":26,"column":52}},"16":{"start":{"line":27,"column":8},"end":{"line":29,"column":null}},"17":{"start":{"line":32,"column":19},"end":{"line":32,"column":null}},"18":{"start":{"line":33,"column":6},"end":{"line":33,"column":null}},"19":{"start":{"line":35,"column":6},"end":{"line":35,"column":null}},"20":{"start":{"line":36,"column":6},"end":{"line":36,"column":null}},"21":{"start":{"line":38,"column":6},"end":{"line":38,"column":null}},"22":{"start":{"line":42,"column":2},"end":{"line":44,"column":null}},"23":{"start":{"line":43,"column":4},"end":{"line":43,"column":null}},"24":{"start":{"line":43,"column":18},"end":{"line":43,"column":null}},"25":{"start":{"line":47,"column":4},"end":{"line":47,"column":null}},"26":{"start":{"line":48,"column":4},"end":{"line":48,"column":null}},"27":{"start":{"line":51,"column":2},"end":{"line":151,"column":null}},"28":{"start":{"line":66,"column":29},"end":{"line":66,"column":null}},"29":{"start":{"line":103,"column":14},"end":{"line":146,"column":null}}},"fnMap":{"0":{"name":"GitHubRepos","decl":{"start":{"line":4,"column":16},"end":{"line":4,"column":30}},"loc":{"start":{"line":4,"column":30},"end":{"line":153,"column":null}},"line":4},"1":{"name":"(anonymous_1)","decl":{"start":{"line":10,"column":19},"end":{"line":10,"column":33}},"loc":{"start":{"line":10,"column":33},"end":{"line":10,"column":61}},"line":10},"2":{"name":"fetchRepos","decl":{"start":{"line":12,"column":17},"end":{"line":12,"column":28}},"loc":{"start":{"line":12,"column":34},"end":{"line":40,"column":null}},"line":12},"3":{"name":"(anonymous_3)","decl":{"start":{"line":26,"column":38},"end":{"line":26,"column":50}},"loc":{"start":{"line":26,"column":50},"end":{"line":26,"column":52}},"line":26},"4":{"name":"(anonymous_4)","decl":{"start":{"line":42,"column":2},"end":{"line":42,"column":18}},"loc":{"start":{"line":42,"column":18},"end":{"line":44,"column":5}},"line":42},"5":{"name":"onSubmit","decl":{"start":{"line":46,"column":11},"end":{"line":46,"column":20}},"loc":{"start":{"line":46,"column":23},"end":{"line":49,"column":null}},"line":46},"6":{"name":"(anonymous_6)","decl":{"start":{"line":66,"column":12},"end":{"line":66,"column":23}},"loc":{"start":{"line":66,"column":29},"end":{"line":66,"column":null}},"line":66},"7":{"name":"(anonymous_7)","decl":{"start":{"line":102,"column":17},"end":{"line":102,"column":22}},"loc":{"start":{"line":103,"column":14},"end":{"line":146,"column":null}},"line":103}},"branchMap":{"0":{"loc":{"start":{"line":14,"column":4},"end":{"line":14,"column":null}},"type":"if","locations":[{"start":{"line":14,"column":4},"end":{"line":14,"column":null}},{"start":{},"end":{}}],"line":14},"1":{"loc":{"start":{"line":25,"column":6},"end":{"line":30,"column":null}},"type":"if","locations":[{"start":{"line":25,"column":6},"end":{"line":30,"column":null}},{"start":{},"end":{}}],"line":25},"2":{"loc":{"start":{"line":28,"column":44},"end":{"line":28,"column":null}},"type":"cond-expr","locations":[{"start":{"line":28,"column":51},"end":{"line":28,"column":66}},{"start":{"line":28,"column":66},"end":{"line":28,"column":null}}],"line":28},"3":{"loc":{"start":{"line":33,"column":15},"end":{"line":33,"column":46}},"type":"cond-expr","locations":[{"start":{"line":33,"column":37},"end":{"line":33,"column":44}},{"start":{"line":33,"column":44},"end":{"line":33,"column":46}}],"line":33},"4":{"loc":{"start":{"line":36,"column":15},"end":{"line":36,"column":59}},"type":"binary-expr","locations":[{"start":{"line":36,"column":15},"end":{"line":36,"column":29}},{"start":{"line":36,"column":29},"end":{"line":36,"column":59}}],"line":36},"5":{"loc":{"start":{"line":43,"column":4},"end":{"line":43,"column":null}},"type":"if","locations":[{"start":{"line":43,"column":4},"end":{"line":43,"column":null}},{"start":{},"end":{}}],"line":43},"6":{"loc":{"start":{"line":73,"column":20},"end":{"line":73,"column":null}},"type":"binary-expr","locations":[{"start":{"line":73,"column":20},"end":{"line":73,"column":33}},{"start":{"line":73,"column":33},"end":{"line":73,"column":null}}],"line":73},"7":{"loc":{"start":{"line":74,"column":43},"end":{"line":74,"column":null}},"type":"cond-expr","locations":[{"start":{"line":74,"column":53},"end":{"line":74,"column":85}},{"start":{"line":74,"column":85},"end":{"line":74,"column":null}}],"line":74},"8":{"loc":{"start":{"line":75,"column":22},"end":{"line":75,"column":null}},"type":"cond-expr","locations":[{"start":{"line":75,"column":32},"end":{"line":75,"column":58}},{"start":{"line":75,"column":58},"end":{"line":75,"column":null}}],"line":75},"9":{"loc":{"start":{"line":77,"column":11},"end":{"line":77,"column":null}},"type":"cond-expr","locations":[{"start":{"line":77,"column":21},"end":{"line":77,"column":37}},{"start":{"line":77,"column":37},"end":{"line":77,"column":null}}],"line":77},"10":{"loc":{"start":{"line":81,"column":7},"end":{"line":85,"column":null}},"type":"cond-expr","locations":[{"start":{"line":82,"column":8},"end":{"line":85,"column":null}},{"start":{"line":85,"column":10},"end":{"line":85,"column":null}}],"line":81},"11":{"loc":{"start":{"line":87,"column":7},"end":{"line":94,"column":null}},"type":"cond-expr","locations":[{"start":{"line":88,"column":8},"end":{"line":94,"column":null}},{"start":{"line":94,"column":10},"end":{"line":94,"column":null}}],"line":87},"12":{"loc":{"start":{"line":96,"column":7},"end":{"line":98,"column":null}},"type":"cond-expr","locations":[{"start":{"line":97,"column":8},"end":{"line":98,"column":null}},{"start":{"line":98,"column":10},"end":{"line":98,"column":null}}],"line":96},"13":{"loc":{"start":{"line":96,"column":7},"end":{"line":96,"column":null}},"type":"binary-expr","locations":[{"start":{"line":96,"column":7},"end":{"line":96,"column":19}},{"start":{"line":96,"column":19},"end":{"line":96,"column":29}},{"start":{"line":96,"column":29},"end":{"line":96,"column":null}}],"line":96},"14":{"loc":{"start":{"line":100,"column":7},"end":{"line":150,"column":null}},"type":"cond-expr","locations":[{"start":{"line":101,"column":8},"end":{"line":150,"column":null}},{"start":{"line":150,"column":10},"end":{"line":150,"column":null}}],"line":100},"15":{"loc":{"start":{"line":100,"column":7},"end":{"line":100,"column":null}},"type":"binary-expr","locations":[{"start":{"line":100,"column":7},"end":{"line":100,"column":19}},{"start":{"line":100,"column":19},"end":{"line":100,"column":null}}],"line":100},"16":{"loc":{"start":{"line":113,"column":85},"end":{"line":113,"column":152}},"type":"binary-expr","locations":[{"start":{"line":113,"column":85},"end":{"line":113,"column":130}},{"start":{"line":113,"column":130},"end":{"line":113,"column":152}}],"line":113},"17":{"loc":{"start":{"line":114,"column":23},"end":{"line":114,"column":null}},"type":"binary-expr","locations":[{"start":{"line":114,"column":23},"end":{"line":114,"column":68}},{"start":{"line":114,"column":68},"end":{"line":114,"column":null}}],"line":114},"18":{"loc":{"start":{"line":118,"column":17},"end":{"line":121,"column":null}},"type":"cond-expr","locations":[{"start":{"line":119,"column":18},"end":{"line":121,"column":19}},{"start":{"line":121,"column":18},"end":{"line":121,"column":null}}],"line":118},"19":{"loc":{"start":{"line":127,"column":21},"end":{"line":127,"column":null}},"type":"binary-expr","locations":[{"start":{"line":127,"column":21},"end":{"line":127,"column":38}},{"start":{"line":127,"column":38},"end":{"line":127,"column":null}}],"line":127},"20":{"loc":{"start":{"line":129,"column":19},"end":{"line":136,"column":null}},"type":"cond-expr","locations":[{"start":{"line":130,"column":20},"end":{"line":136,"column":null}},{"start":{"line":136,"column":22},"end":{"line":136,"column":null}}],"line":129},"21":{"loc":{"start":{"line":133,"column":25},"end":{"line":133,"column":null}},"type":"binary-expr","locations":[{"start":{"line":133,"column":25},"end":{"line":133,"column":64}},{"start":{"line":133,"column":64},"end":{"line":133,"column":null}}],"line":133},"22":{"loc":{"start":{"line":137,"column":19},"end":{"line":144,"column":null}},"type":"cond-expr","locations":[{"start":{"line":138,"column":20},"end":{"line":144,"column":null}},{"start":{"line":144,"column":22},"end":{"line":144,"column":null}}],"line":137},"23":{"loc":{"start":{"line":141,"column":25},"end":{"line":141,"column":67}},"type":"binary-expr","locations":[{"start":{"line":141,"column":25},"end":{"line":141,"column":57}},{"start":{"line":141,"column":57},"end":{"line":141,"column":67}}],"line":141}},"s":{"0":88,"1":88,"2":88,"3":88,"4":88,"5":25,"6":32,"7":32,"8":0,"9":32,"10":32,"11":32,"12":32,"13":31,"14":1,"15":0,"16":1,"17":29,"18":29,"19":3,"20":3,"21":32,"22":88,"23":25,"24":23,"25":9,"26":9,"27":88,"28":11,"29":25},"f":{"0":88,"1":25,"2":32,"3":0,"4":25,"5":9,"6":11,"7":25},"b":{"0":[0,32],"1":[1,30],"2":[1,0],"3":[29,0],"4":[3,0],"5":[23,2],"6":[88,85],"7":[32,56],"8":[32,56],"9":[32,56],"10":[3,85],"11":[32,56],"12":[30,58],"13":[88,56,53],"14":[23,65],"15":[88,56],"16":[25,0],"17":[25,0],"18":[24,1],"19":[25,1],"20":[25,0],"21":[25,0],"22":[25,0],"23":[25,0]},"meta":{"lastBranch":24,"lastFunction":8,"lastStatement":30,"seen":{"f:4:16:4:30":0,"s:5:34:5:Infinity":0,"s:6:28:6:Infinity":1,"s:7:32:7:Infinity":2,"s:8:28:8:Infinity":3,"s:10:19:10:Infinity":4,"f:10:19:10:33":1,"s:10:33:10:61":5,"f:12:17:12:28":2,"s:13:20:13:Infinity":6,"b:14:4:14:Infinity:undefined:undefined:undefined:undefined":0,"s:14:4:14:Infinity":7,"s:14:18:14:Infinity":8,"s:16:4:16:Infinity":9,"s:17:4:17:Infinity":10,"s:19:4:39:Infinity":11,"s:20:18:23:Infinity":12,"b:25:6:30:Infinity:undefined:undefined:undefined:undefined":1,"s:25:6:30:Infinity":13,"s:26:21:26:Infinity":14,"f:26:38:26:50":3,"s:26:50:26:52":15,"s:27:8:29:Infinity":16,"b:28:51:28:66:28:66:28:Infinity":2,"s:32:19:32:Infinity":17,"s:33:6:33:Infinity":18,"b:33:37:33:44:33:44:33:46":3,"s:35:6:35:Infinity":19,"s:36:6:36:Infinity":20,"b:36:15:36:29:36:29:36:59":4,"s:38:6:38:Infinity":21,"s:42:2:44:Infinity":22,"f:42:2:42:18":4,"b:43:4:43:Infinity:undefined:undefined:undefined:undefined":5,"s:43:4:43:Infinity":23,"s:43:18:43:Infinity":24,"f:46:11:46:20":5,"s:47:4:47:Infinity":25,"s:48:4:48:Infinity":26,"s:51:2:151:Infinity":27,"f:66:12:66:23":6,"s:66:29:66:Infinity":28,"b:73:20:73:33:73:33:73:Infinity":6,"b:74:53:74:85:74:85:74:Infinity":7,"b:75:32:75:58:75:58:75:Infinity":8,"b:77:21:77:37:77:37:77:Infinity":9,"b:82:8:85:Infinity:85:10:85:Infinity":10,"b:88:8:94:Infinity:94:10:94:Infinity":11,"b:97:8:98:Infinity:98:10:98:Infinity":12,"b:96:7:96:19:96:19:96:29:96:29:96:Infinity":13,"b:101:8:150:Infinity:150:10:150:Infinity":14,"b:100:7:100:19:100:19:100:Infinity":15,"f:102:17:102:22":7,"s:103:14:146:Infinity":29,"b:113:85:113:130:113:130:113:152":16,"b:114:23:114:68:114:68:114:Infinity":17,"b:119:18:121:19:121:18:121:Infinity":18,"b:127:21:127:38:127:38:127:Infinity":19,"b:130:20:136:Infinity:136:22:136:Infinity":20,"b:133:25:133:64:133:64:133:Infinity":21,"b:138:20:144:Infinity:144:22:144:Infinity":22,"b:141:25:141:57:141:57:141:67":23},"fnNames":{}}}
,"/Users/maheshboda/Projects/DevTool/vite-project/src/components/GitHubRepos.module.css": {"path":"/Users/maheshboda/Projects/DevTool/vite-project/src/components/GitHubRepos.module.css","statementMap":{},"fnMap":{},"branchMap":{},"s":{},"f":{},"b":{},"meta":{"lastBranch":0,"lastFunction":0,"lastStatement":0,"seen":{},"fnNames":{}}}
,"/Users/maheshboda/Projects/DevTool/vite-project/src/components/JobCard.jsx": {"path":"/Users/maheshboda/Projects/DevTool/vite-project/src/components/JobCard.jsx","statementMap":{"0":{"start":{"line":13,"column":22},"end":{"line":13,"column":null}},"1":{"start":{"line":14,"column":17},"end":{"line":14,"column":null}},"2":{"start":{"line":15,"column":19},"end":{"line":15,"column":null}},"3":{"start":{"line":16,"column":23},"end":{"line":16,"column":null}},"4":{"start":{"line":17,"column":23},"end":{"line":17,"column":null}},"5":{"start":{"line":19,"column":2},"end":{"line":72,"column":null}},"6":{"start":{"line":76,"column":0},"end":{"line":94,"column":null}},"7":{"start":{"line":102,"column":14},"end":{"line":102,"column":null}},"8":{"start":{"line":103,"column":14},"end":{"line":103,"column":null}},"9":{"start":{"line":104,"column":2},"end":{"line":104,"column":null}},"10":{"start":{"line":104,"column":20},"end":{"line":104,"column":null}},"11":{"start":{"line":105,"column":8},"end":{"line":108,"column":null}},"12":{"start":{"line":106,"column":4},"end":{"line":108,"column":null}},"13":{"start":{"line":109,"column":2},"end":{"line":109,"column":null}},"14":{"start":{"line":109,"column":18},"end":{"line":109,"column":null}},"15":{"start":{"line":110,"column":2},"end":{"line":110,"column":null}},"16":{"start":{"line":119,"column":2},"end":{"line":119,"column":null}},"17":{"start":{"line":119,"column":12},"end":{"line":119,"column":null}},"18":{"start":{"line":120,"column":2},"end":{"line":130,"column":null}},"19":{"start":{"line":121,"column":14},"end":{"line":121,"column":null}},"20":{"start":{"line":122,"column":4},"end":{"line":122,"column":null}},"21":{"start":{"line":122,"column":28},"end":{"line":122,"column":null}},"22":{"start":{"line":123,"column":4},"end":{"line":127,"column":null}},"23":{"start":{"line":129,"column":4},"end":{"line":129,"column":null}},"24":{"start":{"line":140,"column":2},"end":{"line":140,"column":null}},"25":{"start":{"line":140,"column":13},"end":{"line":140,"column":null}},"26":{"start":{"line":141,"column":19},"end":{"line":145,"column":null}},"27":{"start":{"line":146,"column":2},"end":{"line":146,"column":null}},"28":{"start":{"line":146,"column":36},"end":{"line":146,"column":null}},"29":{"start":{"line":147,"column":2},"end":{"line":147,"column":null}},"30":{"start":{"line":150,"column":31},"end":{"line":150,"column":null}}},"fnMap":{"0":{"name":"JobCard","decl":{"start":{"line":12,"column":16},"end":{"line":12,"column":24}},"loc":{"start":{"line":12,"column":44},"end":{"line":74,"column":null}},"line":12},"1":{"name":"formatSalary","decl":{"start":{"line":101,"column":9},"end":{"line":101,"column":22}},"loc":{"start":{"line":101,"column":27},"end":{"line":111,"column":null}},"line":101},"2":{"name":"(anonymous_2)","decl":{"start":{"line":105,"column":8},"end":{"line":105,"column":15}},"loc":{"start":{"line":106,"column":4},"end":{"line":108,"column":null}},"line":106},"3":{"name":"formatDate","decl":{"start":{"line":118,"column":9},"end":{"line":118,"column":20}},"loc":{"start":{"line":118,"column":25},"end":{"line":131,"column":null}},"line":118},"4":{"name":"stripHtml","decl":{"start":{"line":139,"column":9},"end":{"line":139,"column":19}},"loc":{"start":{"line":139,"column":36},"end":{"line":148,"column":null}},"line":139}},"branchMap":{"0":{"loc":{"start":{"line":13,"column":40},"end":{"line":13,"column":58}},"type":"binary-expr","locations":[{"start":{"line":13,"column":40},"end":{"line":13,"column":53}},{"start":{"line":13,"column":53},"end":{"line":13,"column":58}}],"line":13},"1":{"loc":{"start":{"line":30,"column":11},"end":{"line":31,"column":null}},"type":"binary-expr","locations":[{"start":{"line":30,"column":11},"end":{"line":30,"column":21}},{"start":{"line":30,"column":21},"end":{"line":31,"column":null}}],"line":30},"2":{"loc":{"start":{"line":35,"column":13},"end":{"line":35,"column":null}},"type":"binary-expr","locations":[{"start":{"line":35,"column":13},"end":{"line":35,"column":42}},{"start":{"line":35,"column":42},"end":{"line":35,"column":null}}],"line":35},"3":{"loc":{"start":{"line":37,"column":11},"end":{"line":40,"column":null}},"type":"binary-expr","locations":[{"start":{"line":37,"column":11},"end":{"line":37,"column":null}},{"start":{"line":38,"column":12},"end":{"line":40,"column":null}}],"line":37},"4":{"loc":{"start":{"line":42,"column":9},"end":{"line":48,"column":null}},"type":"binary-expr","locations":[{"start":{"line":42,"column":9},"end":{"line":42,"column":null}},{"start":{"line":43,"column":10},"end":{"line":48,"column":null}}],"line":42},"5":{"loc":{"start":{"line":55,"column":15},"end":{"line":55,"column":null}},"type":"binary-expr","locations":[{"start":{"line":55,"column":15},"end":{"line":55,"column":42}},{"start":{"line":55,"column":42},"end":{"line":55,"column":null}}],"line":55},"6":{"loc":{"start":{"line":58,"column":11},"end":{"line":62,"column":null}},"type":"binary-expr","locations":[{"start":{"line":58,"column":11},"end":{"line":58,"column":null}},{"start":{"line":59,"column":12},"end":{"line":62,"column":null}}],"line":58},"7":{"loc":{"start":{"line":64,"column":11},"end":{"line":68,"column":null}},"type":"binary-expr","locations":[{"start":{"line":64,"column":11},"end":{"line":64,"column":null}},{"start":{"line":65,"column":12},"end":{"line":68,"column":null}}],"line":64},"8":{"loc":{"start":{"line":104,"column":2},"end":{"line":104,"column":null}},"type":"if","locations":[{"start":{"line":104,"column":2},"end":{"line":104,"column":null}},{"start":{},"end":{}}],"line":104},"9":{"loc":{"start":{"line":104,"column":6},"end":{"line":104,"column":20}},"type":"binary-expr","locations":[{"start":{"line":104,"column":6},"end":{"line":104,"column":14}},{"start":{"line":104,"column":14},"end":{"line":104,"column":20}}],"line":104},"10":{"loc":{"start":{"line":106,"column":4},"end":{"line":108,"column":null}},"type":"cond-expr","locations":[{"start":{"line":107,"column":8},"end":{"line":107,"column":null}},{"start":{"line":108,"column":8},"end":{"line":108,"column":null}}],"line":106},"11":{"loc":{"start":{"line":109,"column":2},"end":{"line":109,"column":null}},"type":"if","locations":[{"start":{"line":109,"column":2},"end":{"line":109,"column":null}},{"start":{},"end":{}}],"line":109},"12":{"loc":{"start":{"line":109,"column":6},"end":{"line":109,"column":18}},"type":"binary-expr","locations":[{"start":{"line":109,"column":6},"end":{"line":109,"column":13}},{"start":{"line":109,"column":13},"end":{"line":109,"column":18}}],"line":109},"13":{"loc":{"start":{"line":110,"column":13},"end":{"line":110,"column":23}},"type":"binary-expr","locations":[{"start":{"line":110,"column":13},"end":{"line":110,"column":20}},{"start":{"line":110,"column":20},"end":{"line":110,"column":23}}],"line":110},"14":{"loc":{"start":{"line":119,"column":2},"end":{"line":119,"column":null}},"type":"if","locations":[{"start":{"line":119,"column":2},"end":{"line":119,"column":null}},{"start":{},"end":{}}],"line":119},"15":{"loc":{"start":{"line":122,"column":4},"end":{"line":122,"column":null}},"type":"if","locations":[{"start":{"line":122,"column":4},"end":{"line":122,"column":null}},{"start":{},"end":{}}],"line":122},"16":{"loc":{"start":{"line":140,"column":2},"end":{"line":140,"column":null}},"type":"if","locations":[{"start":{"line":140,"column":2},"end":{"line":140,"column":null}},{"start":{},"end":{}}],"line":140},"17":{"loc":{"start":{"line":146,"column":2},"end":{"line":146,"column":null}},"type":"if","locations":[{"start":{"line":146,"column":2},"end":{"line":146,"column":null}},{"start":{},"end":{}}],"line":146}},"s":{"0":94,"1":94,"2":94,"3":94,"4":94,"5":94,"6":2,"7":94,"8":94,"9":94,"10":76,"11":18,"12":34,"13":18,"14":16,"15":2,"16":94,"17":1,"18":93,"19":93,"20":93,"21":0,"22":93,"23":0,"24":16,"25":0,"26":16,"27":16,"28":15,"29":1,"30":2},"f":{"0":94,"1":94,"2":34,"3":94,"4":16},"b":{"0":[94,94],"1":[94,18],"2":[94,1],"3":[94,93],"4":[94,16],"5":[94,1],"6":[94,16],"7":[94,17],"8":[76,18],"9":[94,77],"10":[34,0],"11":[16,2],"12":[18,17],"13":[2,1],"14":[1,93],"15":[0,93],"16":[0,16],"17":[15,1]},"meta":{"lastBranch":18,"lastFunction":5,"lastStatement":31,"seen":{"f:12:16:12:24":0,"s:13:22:13:Infinity":0,"b:13:40:13:53:13:53:13:58":0,"s:14:17:14:Infinity":1,"s:15:19:15:Infinity":2,"s:16:23:16:Infinity":3,"s:17:23:17:Infinity":4,"s:19:2:72:Infinity":5,"b:30:11:30:21:30:21:31:Infinity":1,"b:35:13:35:42:35:42:35:Infinity":2,"b:37:11:37:Infinity:38:12:40:Infinity":3,"b:42:9:42:Infinity:43:10:48:Infinity":4,"b:55:15:55:42:55:42:55:Infinity":5,"b:58:11:58:Infinity:59:12:62:Infinity":6,"b:64:11:64:Infinity:65:12:68:Infinity":7,"s:76:0:94:Infinity":6,"f:101:9:101:22":1,"s:102:14:102:Infinity":7,"s:103:14:103:Infinity":8,"b:104:2:104:Infinity:undefined:undefined:undefined:undefined":8,"s:104:2:104:Infinity":9,"b:104:6:104:14:104:14:104:20":9,"s:104:20:104:Infinity":10,"s:105:8:108:Infinity":11,"f:105:8:105:15":2,"s:106:4:108:Infinity":12,"b:107:8:107:Infinity:108:8:108:Infinity":10,"b:109:2:109:Infinity:undefined:undefined:undefined:undefined":11,"s:109:2:109:Infinity":13,"b:109:6:109:13:109:13:109:18":12,"s:109:18:109:Infinity":14,"s:110:2:110:Infinity":15,"b:110:13:110:20:110:20:110:23":13,"f:118:9:118:20":3,"b:119:2:119:Infinity:undefined:undefined:undefined:undefined":14,"s:119:2:119:Infinity":16,"s:119:12:119:Infinity":17,"s:120:2:130:Infinity":18,"s:121:14:121:Infinity":19,"b:122:4:122:Infinity:undefined:undefined:undefined:undefined":15,"s:122:4:122:Infinity":20,"s:122:28:122:Infinity":21,"s:123:4:127:Infinity":22,"s:129:4:129:Infinity":23,"f:139:9:139:19":4,"b:140:2:140:Infinity:undefined:undefined:undefined:undefined":16,"s:140:2:140:Infinity":24,"s:140:13:140:Infinity":25,"s:141:19:145:Infinity":26,"b:146:2:146:Infinity:undefined:undefined:undefined:undefined":17,"s:146:2:146:Infinity":27,"s:146:36:146:Infinity":28,"s:147:2:147:Infinity":29,"s:150:31:150:Infinity":30},"fnNames":{}}}
,"/Users/maheshboda/Projects/DevTool/vite-project/src/components/JobCard.module.css": {"path":"/Users/maheshboda/Projects/DevTool/vite-project/src/components/JobCard.module.css","statementMap":{},"fnMap":{},"branchMap":{},"s":{},"f":{},"b":{},"meta":{"lastBranch":0,"lastFunction":0,"lastStatement":0,"seen":{},"fnNames":{}}}
,"/Users/maheshboda/Projects/DevTool/vite-project/src/components/JobFilters.jsx": {"path":"/Users/maheshboda/Projects/DevTool/vite-project/src/components/JobFilters.jsx","statementMap":{"0":{"start":{"line":4,"column":21},"end":{"line":9,"column":null}},"1":{"start":{"line":13,"column":4},"end":{"line":13,"column":null}},"2":{"start":{"line":16,"column":2},"end":{"line":152,"column":null}},"3":{"start":{"line":25,"column":27},"end":{"line":25,"column":null}},"4":{"start":{"line":38,"column":27},"end":{"line":38,"column":null}},"5":{"start":{"line":51,"column":27},"end":{"line":51,"column":null}},"6":{"start":{"line":55,"column":12},"end":{"line":57,"column":null}},"7":{"start":{"line":69,"column":27},"end":{"line":69,"column":null}},"8":{"start":{"line":73,"column":12},"end":{"line":75,"column":null}},"9":{"start":{"line":89,"column":27},"end":{"line":89,"column":null}},"10":{"start":{"line":104,"column":27},"end":{"line":104,"column":null}},"11":{"start":{"line":116,"column":29},"end":{"line":116,"column":null}},"12":{"start":{"line":125,"column":29},"end":{"line":125,"column":null}},"13":{"start":{"line":134,"column":29},"end":{"line":134,"column":null}},"14":{"start":{"line":143,"column":29},"end":{"line":143,"column":null}}},"fnMap":{"0":{"name":"JobFilters","decl":{"start":{"line":11,"column":16},"end":{"line":11,"column":27}},"loc":{"start":{"line":11,"column":71},"end":{"line":154,"column":null}},"line":11},"1":{"name":"update","decl":{"start":{"line":12,"column":11},"end":{"line":12,"column":18}},"loc":{"start":{"line":12,"column":30},"end":{"line":14,"column":null}},"line":12},"2":{"name":"(anonymous_2)","decl":{"start":{"line":25,"column":10},"end":{"line":25,"column":21}},"loc":{"start":{"line":25,"column":27},"end":{"line":25,"column":null}},"line":25},"3":{"name":"(anonymous_3)","decl":{"start":{"line":38,"column":10},"end":{"line":38,"column":21}},"loc":{"start":{"line":38,"column":27},"end":{"line":38,"column":null}},"line":38},"4":{"name":"(anonymous_4)","decl":{"start":{"line":51,"column":10},"end":{"line":51,"column":21}},"loc":{"start":{"line":51,"column":27},"end":{"line":51,"column":null}},"line":51},"5":{"name":"(anonymous_5)","decl":{"start":{"line":54,"column":27},"end":{"line":54,"column":32}},"loc":{"start":{"line":55,"column":12},"end":{"line":57,"column":null}},"line":55},"6":{"name":"(anonymous_6)","decl":{"start":{"line":69,"column":10},"end":{"line":69,"column":21}},"loc":{"start":{"line":69,"column":27},"end":{"line":69,"column":null}},"line":69},"7":{"name":"(anonymous_7)","decl":{"start":{"line":72,"column":24},"end":{"line":72,"column":29}},"loc":{"start":{"line":73,"column":12},"end":{"line":75,"column":null}},"line":73},"8":{"name":"(anonymous_8)","decl":{"start":{"line":89,"column":10},"end":{"line":89,"column":21}},"loc":{"start":{"line":89,"column":27},"end":{"line":89,"column":null}},"line":89},"9":{"name":"(anonymous_9)","decl":{"start":{"line":104,"column":10},"end":{"line":104,"column":21}},"loc":{"start":{"line":104,"column":27},"end":{"line":104,"column":null}},"line":104},"10":{"name":"(anonymous_10)","decl":{"start":{"line":116,"column":12},"end":{"line":116,"column":23}},"loc":{"start":{"line":116,"column":29},"end":{"line":116,"column":null}},"line":116},"11":{"name":"(anonymous_11)","decl":{"start":{"line":125,"column":12},"end":{"line":125,"column":23}},"loc":{"start":{"line":125,"column":29},"end":{"line":125,"column":null}},"line":125},"12":{"name":"(anonymous_12)","decl":{"start":{"line":134,"column":12},"end":{"line":134,"column":23}},"loc":{"start":{"line":134,"column":29},"end":{"line":134,"column":null}},"line":134},"13":{"name":"(anonymous_13)","decl":{"start":{"line":143,"column":12},"end":{"line":143,"column":23}},"loc":{"start":{"line":143,"column":29},"end":{"line":143,"column":null}},"line":143}},"branchMap":{"0":{"loc":{"start":{"line":17,"column":62},"end":{"line":17,"column":81}},"type":"binary-expr","locations":[{"start":{"line":17,"column":62},"end":{"line":17,"column":75}},{"start":{"line":17,"column":75},"end":{"line":17,"column":81}}],"line":17}},"s":{"0":2,"1":22,"2":57,"3":16,"4":1,"5":1,"6":1083,"7":1,"8":228,"9":1,"10":1,"11":1,"12":0,"13":0,"14":0},"f":{"0":57,"1":22,"2":16,"3":1,"4":1,"5":1083,"6":1,"7":228,"8":1,"9":1,"10":1,"11":0,"12":0,"13":0},"b":{"0":[57,57]},"meta":{"lastBranch":1,"lastFunction":14,"lastStatement":15,"seen":{"s:4:21:9:Infinity":0,"f:11:16:11:27":0,"f:12:11:12:18":1,"s:13:4:13:Infinity":1,"s:16:2:152:Infinity":2,"b:17:62:17:75:17:75:17:81":0,"f:25:10:25:21":2,"s:25:27:25:Infinity":3,"f:38:10:38:21":3,"s:38:27:38:Infinity":4,"f:51:10:51:21":4,"s:51:27:51:Infinity":5,"f:54:27:54:32":5,"s:55:12:57:Infinity":6,"f:69:10:69:21":6,"s:69:27:69:Infinity":7,"f:72:24:72:29":7,"s:73:12:75:Infinity":8,"f:89:10:89:21":8,"s:89:27:89:Infinity":9,"f:104:10:104:21":9,"s:104:27:104:Infinity":10,"f:116:12:116:23":10,"s:116:29:116:Infinity":11,"f:125:12:125:23":11,"s:125:29:125:Infinity":12,"f:134:12:134:23":12,"s:134:29:134:Infinity":13,"f:143:12:143:23":13,"s:143:29:143:Infinity":14},"fnNames":{}}}
,"/Users/maheshboda/Projects/DevTool/vite-project/src/components/JobFilters.module.css": {"path":"/Users/maheshboda/Projects/DevTool/vite-project/src/components/JobFilters.module.css","statementMap":{},"fnMap":{},"branchMap":{},"s":{},"f":{},"b":{},"meta":{"lastBranch":0,"lastFunction":0,"lastStatement":0,"seen":{},"fnNames":{}}}
,"/Users/maheshboda/Projects/DevTool/vite-project/src/components/JobSearch.jsx": {"path":"/Users/maheshboda/Projects/DevTool/vite-project/src/components/JobSearch.jsx","statementMap":{"0":{"start":{"line":7,"column":24},"end":{"line":19,"column":null}},"1":{"start":{"line":22,"column":32},"end":{"line":22,"column":null}},"2":{"start":{"line":23,"column":26},"end":{"line":23,"column":null}},"3":{"start":{"line":24,"column":28},"end":{"line":24,"column":null}},"4":{"start":{"line":25,"column":32},"end":{"line":25,"column":null}},"5":{"start":{"line":26,"column":28},"end":{"line":26,"column":null}},"6":{"start":{"line":27,"column":21},"end":{"line":27,"column":null}},"7":{"start":{"line":30,"column":4},"end":{"line":33,"column":null}},"8":{"start":{"line":31,"column":6},"end":{"line":31,"column":null}},"9":{"start":{"line":32,"column":6},"end":{"line":32,"column":null}},"10":{"start":{"line":34,"column":4},"end":{"line":34,"column":null}},"11":{"start":{"line":35,"column":4},"end":{"line":35,"column":null}},"12":{"start":{"line":36,"column":4},"end":{"line":64,"column":null}},"13":{"start":{"line":37,"column":19},"end":{"line":49,"column":null}},"14":{"start":{"line":50,"column":6},"end":{"line":53,"column":null}},"15":{"start":{"line":51,"column":8},"end":{"line":51,"column":null}},"16":{"start":{"line":52,"column":8},"end":{"line":52,"column":null}},"17":{"start":{"line":55,"column":6},"end":{"line":59,"column":null}},"18":{"start":{"line":56,"column":8},"end":{"line":56,"column":null}},"19":{"start":{"line":57,"column":8},"end":{"line":57,"column":null}},"20":{"start":{"line":58,"column":8},"end":{"line":58,"column":null}},"21":{"start":{"line":61,"column":6},"end":{"line":63,"column":null}},"22":{"start":{"line":62,"column":8},"end":{"line":62,"column":null}},"23":{"start":{"line":67,"column":2},"end":{"line":71,"column":null}},"24":{"start":{"line":68,"column":4},"end":{"line":68,"column":null}},"25":{"start":{"line":69,"column":4},"end":{"line":69,"column":null}},"26":{"start":{"line":70,"column":4},"end":{"line":70,"column":null}},"27":{"start":{"line":70,"column":19},"end":{"line":70,"column":47}},"28":{"start":{"line":74,"column":4},"end":{"line":74,"column":null}},"29":{"start":{"line":75,"column":4},"end":{"line":75,"column":null}},"30":{"start":{"line":79,"column":17},"end":{"line":79,"column":null}},"31":{"start":{"line":80,"column":4},"end":{"line":80,"column":null}},"32":{"start":{"line":81,"column":4},"end":{"line":81,"column":null}},"33":{"start":{"line":82,"column":4},"end":{"line":82,"column":null}},"34":{"start":{"line":85,"column":21},"end":{"line":85,"column":null}},"35":{"start":{"line":87,"column":2},"end":{"line":176,"column":null}},"36":{"start":{"line":120,"column":14},"end":{"line":120,"column":null}},"37":{"start":{"line":128,"column":31},"end":{"line":128,"column":null}},"38":{"start":{"line":140,"column":18},"end":{"line":148,"column":null}},"39":{"start":{"line":141,"column":20},"end":{"line":141,"column":null}},"40":{"start":{"line":142,"column":25},"end":{"line":148,"column":null}},"41":{"start":{"line":143,"column":20},"end":{"line":143,"column":null}},"42":{"start":{"line":144,"column":25},"end":{"line":148,"column":null}},"43":{"start":{"line":145,"column":20},"end":{"line":145,"column":null}},"44":{"start":{"line":147,"column":20},"end":{"line":147,"column":null}},"45":{"start":{"line":149,"column":18},"end":{"line":160,"column":null}},"46":{"start":{"line":152,"column":37},"end":{"line":152,"column":null}},"47":{"start":{"line":166,"column":31},"end":{"line":166,"column":null}}},"fnMap":{"0":{"name":"JobSearch","decl":{"start":{"line":21,"column":16},"end":{"line":21,"column":28}},"loc":{"start":{"line":21,"column":28},"end":{"line":178,"column":null}},"line":21},"1":{"name":"fetchJobs","decl":{"start":{"line":29,"column":17},"end":{"line":29,"column":27}},"loc":{"start":{"line":29,"column":33},"end":{"line":65,"column":null}},"line":29},"2":{"name":"(anonymous_2)","decl":{"start":{"line":67,"column":2},"end":{"line":67,"column":18}},"loc":{"start":{"line":67,"column":18},"end":{"line":71,"column":5}},"line":67},"3":{"name":"(anonymous_3)","decl":{"start":{"line":70,"column":4},"end":{"line":70,"column":17}},"loc":{"start":{"line":70,"column":17},"end":{"line":70,"column":null}},"line":70},"4":{"name":"handleSubmit","decl":{"start":{"line":73,"column":11},"end":{"line":73,"column":24}},"loc":{"start":{"line":73,"column":27},"end":{"line":76,"column":null}},"line":73},"5":{"name":"goToPage","decl":{"start":{"line":78,"column":11},"end":{"line":78,"column":20}},"loc":{"start":{"line":78,"column":26},"end":{"line":83,"column":null}},"line":78},"6":{"name":"(anonymous_6)","decl":{"start":{"line":119,"column":18},"end":{"line":119,"column":23}},"loc":{"start":{"line":120,"column":14},"end":{"line":120,"column":null}},"line":120},"7":{"name":"(anonymous_7)","decl":{"start":{"line":128,"column":16},"end":{"line":128,"column":31}},"loc":{"start":{"line":128,"column":31},"end":{"line":128,"column":null}},"line":128},"8":{"name":"(anonymous_8)","decl":{"start":{"line":137,"column":16},"end":{"line":137,"column":null}},"loc":{"start":{"line":138,"column":26},"end":{"line":162,"column":null}},"line":138},"9":{"name":"(anonymous_9)","decl":{"start":{"line":152,"column":22},"end":{"line":152,"column":37}},"loc":{"start":{"line":152,"column":37},"end":{"line":152,"column":null}},"line":152},"10":{"name":"(anonymous_10)","decl":{"start":{"line":166,"column":16},"end":{"line":166,"column":31}},"loc":{"start":{"line":166,"column":31},"end":{"line":166,"column":null}},"line":166}},"branchMap":{"0":{"loc":{"start":{"line":30,"column":4},"end":{"line":33,"column":null}},"type":"if","locations":[{"start":{"line":30,"column":4},"end":{"line":33,"column":null}},{"start":{},"end":{}}],"line":30},"1":{"loc":{"start":{"line":46,"column":19},"end":{"line":46,"column":null}},"type":"binary-expr","locations":[{"start":{"line":46,"column":19},"end":{"line":46,"column":37}},{"start":{"line":46,"column":37},"end":{"line":46,"column":null}}],"line":46},"2":{"loc":{"start":{"line":47,"column":19},"end":{"line":47,"column":null}},"type":"binary-expr","locations":[{"start":{"line":47,"column":19},"end":{"line":47,"column":37}},{"start":{"line":47,"column":37},"end":{"line":47,"column":null}}],"line":47},"3":{"loc":{"start":{"line":48,"column":16},"end":{"line":48,"column":null}},"type":"binary-expr","locations":[{"start":{"line":48,"column":16},"end":{"line":48,"column":31}},{"start":{"line":48,"column":31},"end":{"line":48,"column":null}}],"line":48},"4":{"loc":{"start":{"line":50,"column":6},"end":{"line":53,"column":null}},"type":"if","locations":[{"start":{"line":50,"column":6},"end":{"line":53,"column":null}},{"start":{},"end":{}}],"line":50},"5":{"loc":{"start":{"line":55,"column":6},"end":{"line":59,"column":null}},"type":"if","locations":[{"start":{"line":55,"column":6},"end":{"line":59,"column":null}},{"start":{},"end":{}}],"line":55},"6":{"loc":{"start":{"line":58,"column":17},"end":{"line":58,"column":53}},"type":"binary-expr","locations":[{"start":{"line":58,"column":17},"end":{"line":58,"column":31}},{"start":{"line":58,"column":31},"end":{"line":58,"column":53}}],"line":58},"7":{"loc":{"start":{"line":61,"column":6},"end":{"line":63,"column":null}},"type":"if","locations":[{"start":{"line":61,"column":6},"end":{"line":63,"column":null}},{"start":{},"end":{}}],"line":61},"8":{"loc":{"start":{"line":94,"column":7},"end":{"line":98,"column":null}},"type":"cond-expr","locations":[{"start":{"line":95,"column":8},"end":{"line":98,"column":null}},{"start":{"line":98,"column":10},"end":{"line":98,"column":null}}],"line":94},"9":{"loc":{"start":{"line":100,"column":7},"end":{"line":107,"column":null}},"type":"cond-expr","locations":[{"start":{"line":101,"column":8},"end":{"line":107,"column":null}},{"start":{"line":107,"column":10},"end":{"line":107,"column":null}}],"line":100},"10":{"loc":{"start":{"line":109,"column":7},"end":{"line":111,"column":null}},"type":"cond-expr","locations":[{"start":{"line":110,"column":8},"end":{"line":111,"column":null}},{"start":{"line":111,"column":10},"end":{"line":111,"column":null}}],"line":109},"11":{"loc":{"start":{"line":109,"column":7},"end":{"line":109,"column":null}},"type":"binary-expr","locations":[{"start":{"line":109,"column":7},"end":{"line":109,"column":19}},{"start":{"line":109,"column":19},"end":{"line":109,"column":29}},{"start":{"line":109,"column":29},"end":{"line":109,"column":null}}],"line":109},"12":{"loc":{"start":{"line":113,"column":7},"end":{"line":175,"column":null}},"type":"cond-expr","locations":[{"start":{"line":114,"column":8},"end":{"line":175,"column":null}},{"start":{"line":175,"column":10},"end":{"line":175,"column":null}}],"line":113},"13":{"loc":{"start":{"line":113,"column":7},"end":{"line":113,"column":null}},"type":"binary-expr","locations":[{"start":{"line":113,"column":7},"end":{"line":113,"column":19}},{"start":{"line":113,"column":19},"end":{"line":113,"column":null}}],"line":113},"14":{"loc":{"start":{"line":116,"column":41},"end":{"line":116,"column":64}},"type":"cond-expr","locations":[{"start":{"line":116,"column":55},"end":{"line":116,"column":61}},{"start":{"line":116,"column":61},"end":{"line":116,"column":64}}],"line":116},"15":{"loc":{"start":{"line":120,"column":28},"end":{"line":120,"column":46}},"type":"binary-expr","locations":[{"start":{"line":120,"column":28},"end":{"line":120,"column":38}},{"start":{"line":120,"column":38},"end":{"line":120,"column":46}}],"line":120},"16":{"loc":{"start":{"line":124,"column":11},"end":{"line":173,"column":null}},"type":"cond-expr","locations":[{"start":{"line":125,"column":12},"end":{"line":173,"column":null}},{"start":{"line":173,"column":14},"end":{"line":173,"column":null}}],"line":124},"17":{"loc":{"start":{"line":140,"column":18},"end":{"line":148,"column":null}},"type":"if","locations":[{"start":{"line":140,"column":18},"end":{"line":148,"column":null}},{"start":{"line":142,"column":25},"end":{"line":148,"column":null}}],"line":140},"18":{"loc":{"start":{"line":142,"column":25},"end":{"line":148,"column":null}},"type":"if","locations":[{"start":{"line":142,"column":25},"end":{"line":148,"column":null}},{"start":{"line":144,"column":25},"end":{"line":148,"column":null}}],"line":142},"19":{"loc":{"start":{"line":144,"column":25},"end":{"line":148,"column":null}},"type":"if","locations":[{"start":{"line":144,"column":25},"end":{"line":148,"column":null}},{"start":{"line":146,"column":25},"end":{"line":148,"column":null}}],"line":144},"20":{"loc":{"start":{"line":154,"column":24},"end":{"line":154,"column":null}},"type":"cond-expr","locations":[{"start":{"line":154,"column":48},"end":{"line":154,"column":77}},{"start":{"line":154,"column":77},"end":{"line":154,"column":null}}],"line":154},"21":{"loc":{"start":{"line":157,"column":36},"end":{"line":157,"column":null}},"type":"cond-expr","locations":[{"start":{"line":157,"column":60},"end":{"line":157,"column":69}},{"start":{"line":157,"column":69},"end":{"line":157,"column":null}}],"line":157}},"s":{"0":1,"1":45,"2":45,"3":45,"4":45,"5":45,"6":45,"7":11,"8":1,"9":1,"10":10,"11":10,"12":10,"13":10,"14":9,"15":9,"16":9,"17":1,"18":1,"19":1,"20":1,"21":10,"22":10,"23":45,"24":9,"25":9,"26":9,"27":9,"28":1,"29":1,"30":1,"31":1,"32":1,"33":1,"34":45,"35":45,"36":77,"37":0,"38":12,"39":12,"40":0,"41":0,"42":0,"43":0,"44":0,"45":12,"46":1,"47":0},"f":{"0":45,"1":11,"2":9,"3":9,"4":1,"5":1,"6":77,"7":0,"8":12,"9":1,"10":0},"b":{"0":[1,10],"1":[10,10],"2":[11,10],"3":[11,10],"4":[9,0],"5":[1,0],"6":[1,0],"7":[10,0],"8":[2,43],"9":[10,35],"10":[29,16],"11":[45,35,33],"12":[4,41],"13":[45,35],"14":[4,0],"15":[77,0],"16":[4,0],"17":[12,0],"18":[0,0],"19":[0,0],"20":[4,8],"21":[4,8]},"meta":{"lastBranch":22,"lastFunction":11,"lastStatement":48,"seen":{"s:7:24:19:Infinity":0,"f:21:16:21:28":0,"s:22:32:22:Infinity":1,"s:23:26:23:Infinity":2,"s:24:28:24:Infinity":3,"s:25:32:25:Infinity":4,"s:26:28:26:Infinity":5,"s:27:21:27:Infinity":6,"f:29:17:29:27":1,"b:30:4:33:Infinity:undefined:undefined:undefined:undefined":0,"s:30:4:33:Infinity":7,"s:31:6:31:Infinity":8,"s:32:6:32:Infinity":9,"s:34:4:34:Infinity":10,"s:35:4:35:Infinity":11,"s:36:4:64:Infinity":12,"s:37:19:49:Infinity":13,"b:46:19:46:37:46:37:46:Infinity":1,"b:47:19:47:37:47:37:47:Infinity":2,"b:48:16:48:31:48:31:48:Infinity":3,"b:50:6:53:Infinity:undefined:undefined:undefined:undefined":4,"s:50:6:53:Infinity":14,"s:51:8:51:Infinity":15,"s:52:8:52:Infinity":16,"b:55:6:59:Infinity:undefined:undefined:undefined:undefined":5,"s:55:6:59:Infinity":17,"s:56:8:56:Infinity":18,"s:57:8:57:Infinity":19,"s:58:8:58:Infinity":20,"b:58:17:58:31:58:31:58:53":6,"b:61:6:63:Infinity:undefined:undefined:undefined:undefined":7,"s:61:6:63:Infinity":21,"s:62:8:62:Infinity":22,"s:67:2:71:Infinity":23,"f:67:2:67:18":2,"s:68:4:68:Infinity":24,"s:69:4:69:Infinity":25,"s:70:4:70:Infinity":26,"f:70:4:70:17":3,"s:70:19:70:47":27,"f:73:11:73:24":4,"s:74:4:74:Infinity":28,"s:75:4:75:Infinity":29,"f:78:11:78:20":5,"s:79:17:79:Infinity":30,"s:80:4:80:Infinity":31,"s:81:4:81:Infinity":32,"s:82:4:82:Infinity":33,"s:85:21:85:Infinity":34,"s:87:2:176:Infinity":35,"b:95:8:98:Infinity:98:10:98:Infinity":8,"b:101:8:107:Infinity:107:10:107:Infinity":9,"b:110:8:111:Infinity:111:10:111:Infinity":10,"b:109:7:109:19:109:19:109:29:109:29:109:Infinity":11,"b:114:8:175:Infinity:175:10:175:Infinity":12,"b:113:7:113:19:113:19:113:Infinity":13,"b:116:55:116:61:116:61:116:64":14,"f:119:18:119:23":6,"s:120:14:120:Infinity":36,"b:120:28:120:38:120:38:120:46":15,"b:125:12:173:Infinity:173:14:173:Infinity":16,"f:128:16:128:31":7,"s:128:31:128:Infinity":37,"f:137:16:137:Infinity":8,"b:140:18:148:Infinity:142:25:148:Infinity":17,"s:140:18:148:Infinity":38,"s:141:20:141:Infinity":39,"b:142:25:148:Infinity:144:25:148:Infinity":18,"s:142:25:148:Infinity":40,"s:143:20:143:Infinity":41,"b:144:25:148:Infinity:146:25:148:Infinity":19,"s:144:25:148:Infinity":42,"s:145:20:145:Infinity":43,"s:147:20:147:Infinity":44,"s:149:18:160:Infinity":45,"f:152:22:152:37":9,"s:152:37:152:Infinity":46,"b:154:48:154:77:154:77:154:Infinity":20,"b:157:60:157:69:157:69:157:Infinity":21,"f:166:16:166:31":10,"s:166:31:166:Infinity":47},"fnNames":{}}}
,"/Users/maheshboda/Projects/DevTool/vite-project/src/components/JobSearch.module.css": {"path":"/Users/maheshboda/Projects/DevTool/vite-project/src/components/JobSearch.module.css","statementMap":{},"fnMap":{},"branchMap":{},"s":{},"f":{},"b":{},"meta":{"lastBranch":0,"lastFunction":0,"lastStatement":0,"seen":{},"fnNames":{}}}
,"/Users/maheshboda/Projects/DevTool/vite-project/src/services/adzuna.js": {"path":"/Users/maheshboda/Projects/DevTool/vite-project/src/services/adzuna.js","statementMap":{"0":{"start":{"line":1,"column":15},"end":{"line":1,"column":null}},"1":{"start":{"line":2,"column":16},"end":{"line":2,"column":null}},"2":{"start":{"line":3,"column":17},"end":{"line":3,"column":null}},"3":{"start":{"line":5,"column":31},"end":{"line":25,"column":null}},"4":{"start":{"line":28,"column":2},"end":{"line":28,"column":null}},"5":{"start":{"line":32,"column":2},"end":{"line":32,"column":null}},"6":{"start":{"line":36,"column":2},"end":{"line":40,"column":null}},"7":{"start":{"line":37,"column":4},"end":{"line":39,"column":null}},"8":{"start":{"line":42,"column":14},"end":{"line":42,"column":null}},"9":{"start":{"line":43,"column":2},"end":{"line":43,"column":null}},"10":{"start":{"line":44,"column":2},"end":{"line":44,"column":null}},"11":{"start":{"line":45,"column":2},"end":{"line":45,"column":null}},"12":{"start":{"line":47,"column":2},"end":{"line":51,"column":null}},"13":{"start":{"line":48,"column":4},"end":{"line":50,"column":null}},"14":{"start":{"line":49,"column":6},"end":{"line":49,"column":null}},"15":{"start":{"line":53,"column":2},"end":{"line":53,"column":null}},"16":{"start":{"line":69,"column":17},"end":{"line":79,"column":null}},"17":{"start":{"line":81,"column":14},"end":{"line":81,"column":null}},"18":{"start":{"line":82,"column":14},"end":{"line":82,"column":null}},"19":{"start":{"line":84,"column":2},"end":{"line":95,"column":null}},"20":{"start":{"line":85,"column":17},"end":{"line":85,"column":null}},"21":{"start":{"line":86,"column":4},"end":{"line":91,"column":null}},"22":{"start":{"line":87,"column":19},"end":{"line":87,"column":null}},"23":{"start":{"line":88,"column":6},"end":{"line":88,"column":null}},"24":{"start":{"line":90,"column":6},"end":{"line":90,"column":null}},"25":{"start":{"line":90,"column":44},"end":{"line":90,"column":46}},"26":{"start":{"line":92,"column":4},"end":{"line":94,"column":null}},"27":{"start":{"line":97,"column":15},"end":{"line":97,"column":null}},"28":{"start":{"line":98,"column":2},"end":{"line":101,"column":null}},"29":{"start":{"line":105,"column":2},"end":{"line":105,"column":null}},"30":{"start":{"line":105,"column":53},"end":{"line":105,"column":null}},"31":{"start":{"line":106,"column":14},"end":{"line":106,"column":null}},"32":{"start":{"line":107,"column":14},"end":{"line":107,"column":null}},"33":{"start":{"line":108,"column":2},"end":{"line":108,"column":null}},"34":{"start":{"line":108,"column":15},"end":{"line":108,"column":null}},"35":{"start":{"line":109,"column":15},"end":{"line":109,"column":null}},"36":{"start":{"line":110,"column":2},"end":{"line":113,"column":null}},"37":{"start":{"line":110,"column":68},"end":{"line":113,"column":4}}},"fnMap":{"0":{"name":"isValidCred","decl":{"start":{"line":27,"column":9},"end":{"line":27,"column":21}},"loc":{"start":{"line":27,"column":28},"end":{"line":29,"column":null}},"line":27},"1":{"name":"isAdzunaConfigured","decl":{"start":{"line":31,"column":16},"end":{"line":31,"column":37}},"loc":{"start":{"line":31,"column":37},"end":{"line":33,"column":null}},"line":31},"2":{"name":"buildUrl","decl":{"start":{"line":35,"column":9},"end":{"line":35,"column":18}},"loc":{"start":{"line":35,"column":50},"end":{"line":54,"column":null}},"line":35},"3":{"name":"searchJobs","decl":{"start":{"line":56,"column":22},"end":{"line":56,"column":33}},"loc":{"start":{"line":68,"column":8},"end":{"line":102,"column":null}},"line":68},"4":{"name":"(anonymous_4)","decl":{"start":{"line":90,"column":32},"end":{"line":90,"column":44}},"loc":{"start":{"line":90,"column":44},"end":{"line":90,"column":46}},"line":90},"5":{"name":"fetchCategoriesTop","decl":{"start":{"line":104,"column":22},"end":{"line":104,"column":41}},"loc":{"start":{"line":104,"column":57},"end":{"line":114,"column":null}},"line":104},"6":{"name":"(anonymous_6)","decl":{"start":{"line":110,"column":45},"end":{"line":110,"column":50}},"loc":{"start":{"line":110,"column":68},"end":{"line":113,"column":4}},"line":110}},"branchMap":{"0":{"loc":{"start":{"line":28,"column":9},"end":{"line":28,"column":null}},"type":"binary-expr","locations":[{"start":{"line":28,"column":9},"end":{"line":28,"column":27}},{"start":{"line":28,"column":27},"end":{"line":28,"column":47}},{"start":{"line":28,"column":47},"end":{"line":28,"column":75}},{"start":{"line":28,"column":75},"end":{"line":28,"column":null}}],"line":28},"1":{"loc":{"start":{"line":32,"column":9},"end":{"line":32,"column":null}},"type":"binary-expr","locations":[{"start":{"line":32,"column":9},"end":{"line":32,"column":32}},{"start":{"line":32,"column":32},"end":{"line":32,"column":null}}],"line":32},"2":{"loc":{"start":{"line":35,"column":27},"end":{"line":35,"column":37}},"type":"default-arg","locations":[{"start":{"line":35,"column":34},"end":{"line":35,"column":37}}],"line":35},"3":{"loc":{"start":{"line":35,"column":37},"end":{"line":35,"column":50}},"type":"default-arg","locations":[{"start":{"line":35,"column":46},"end":{"line":35,"column":50}}],"line":35},"4":{"loc":{"start":{"line":36,"column":2},"end":{"line":40,"column":null}},"type":"if","locations":[{"start":{"line":36,"column":2},"end":{"line":40,"column":null}},{"start":{},"end":{}}],"line":36},"5":{"loc":{"start":{"line":48,"column":4},"end":{"line":50,"column":null}},"type":"if","locations":[{"start":{"line":48,"column":4},"end":{"line":50,"column":null}},{"start":{},"end":{}}],"line":48},"6":{"loc":{"start":{"line":48,"column":8},"end":{"line":48,"column":63}},"type":"binary-expr","locations":[{"start":{"line":48,"column":8},"end":{"line":48,"column":31}},{"start":{"line":48,"column":31},"end":{"line":48,"column":49}},{"start":{"line":48,"column":49},"end":{"line":48,"column":63}}],"line":48},"7":{"loc":{"start":{"line":56,"column":33},"end":{"line":68,"column":8}},"type":"default-arg","locations":[{"start":{"line":68,"column":4},"end":{"line":68,"column":8}}],"line":56},"8":{"loc":{"start":{"line":57,"column":2},"end":{"line":57,"column":null}},"type":"default-arg","locations":[{"start":{"line":57,"column":12},"end":{"line":57,"column":null}}],"line":57},"9":{"loc":{"start":{"line":58,"column":2},"end":{"line":58,"column":null}},"type":"default-arg","locations":[{"start":{"line":58,"column":9},"end":{"line":58,"column":null}}],"line":58},"10":{"loc":{"start":{"line":59,"column":2},"end":{"line":59,"column":null}},"type":"default-arg","locations":[{"start":{"line":59,"column":10},"end":{"line":59,"column":null}}],"line":59},"11":{"loc":{"start":{"line":60,"column":2},"end":{"line":60,"column":null}},"type":"default-arg","locations":[{"start":{"line":60,"column":9},"end":{"line":60,"column":null}}],"line":60},"12":{"loc":{"start":{"line":72,"column":15},"end":{"line":72,"column":null}},"type":"cond-expr","locations":[{"start":{"line":72,"column":26},"end":{"line":72,"column":30}},{"start":{"line":72,"column":30},"end":{"line":72,"column":null}}],"line":72},"13":{"loc":{"start":{"line":73,"column":15},"end":{"line":73,"column":null}},"type":"cond-expr","locations":[{"start":{"line":73,"column":26},"end":{"line":73,"column":30}},{"start":{"line":73,"column":30},"end":{"line":73,"column":null}}],"line":73},"14":{"loc":{"start":{"line":74,"column":15},"end":{"line":74,"column":null}},"type":"cond-expr","locations":[{"start":{"line":74,"column":27},"end":{"line":74,"column":31}},{"start":{"line":74,"column":31},"end":{"line":74,"column":null}}],"line":74},"15":{"loc":{"start":{"line":75,"column":14},"end":{"line":75,"column":null}},"type":"cond-expr","locations":[{"start":{"line":75,"column":25},"end":{"line":75,"column":29}},{"start":{"line":75,"column":29},"end":{"line":75,"column":null}}],"line":75},"16":{"loc":{"start":{"line":84,"column":2},"end":{"line":95,"column":null}},"type":"if","locations":[{"start":{"line":84,"column":2},"end":{"line":95,"column":null}},{"start":{},"end":{}}],"line":84},"17":{"loc":{"start":{"line":88,"column":15},"end":{"line":88,"column":null}},"type":"binary-expr","locations":[{"start":{"line":88,"column":15},"end":{"line":88,"column":34}},{"start":{"line":88,"column":34},"end":{"line":88,"column":51}},{"start":{"line":88,"column":51},"end":{"line":88,"column":null}}],"line":88},"18":{"loc":{"start":{"line":93,"column":40},"end":{"line":93,"column":70}},"type":"cond-expr","locations":[{"start":{"line":93,"column":49},"end":{"line":93,"column":66}},{"start":{"line":93,"column":66},"end":{"line":93,"column":70}}],"line":93},"19":{"loc":{"start":{"line":99,"column":13},"end":{"line":99,"column":null}},"type":"cond-expr","locations":[{"start":{"line":99,"column":44},"end":{"line":99,"column":59}},{"start":{"line":99,"column":59},"end":{"line":99,"column":null}}],"line":99},"20":{"loc":{"start":{"line":100,"column":11},"end":{"line":100,"column":null}},"type":"binary-expr","locations":[{"start":{"line":100,"column":11},"end":{"line":100,"column":26}},{"start":{"line":100,"column":26},"end":{"line":100,"column":null}}],"line":100},"21":{"loc":{"start":{"line":104,"column":41},"end":{"line":104,"column":57}},"type":"default-arg","locations":[{"start":{"line":104,"column":51},"end":{"line":104,"column":57}}],"line":104},"22":{"loc":{"start":{"line":105,"column":2},"end":{"line":105,"column":null}},"type":"if","locations":[{"start":{"line":105,"column":2},"end":{"line":105,"column":null}},{"start":{},"end":{}}],"line":105},"23":{"loc":{"start":{"line":105,"column":6},"end":{"line":105,"column":53}},"type":"binary-expr","locations":[{"start":{"line":105,"column":6},"end":{"line":105,"column":30}},{"start":{"line":105,"column":30},"end":{"line":105,"column":53}}],"line":105},"24":{"loc":{"start":{"line":108,"column":2},"end":{"line":108,"column":null}},"type":"if","locations":[{"start":{"line":108,"column":2},"end":{"line":108,"column":null}},{"start":{},"end":{}}],"line":108},"25":{"loc":{"start":{"line":110,"column":24},"end":{"line":110,"column":43}},"type":"binary-expr","locations":[{"start":{"line":110,"column":24},"end":{"line":110,"column":41}},{"start":{"line":110,"column":41},"end":{"line":110,"column":43}}],"line":110}},"s":{"0":15,"1":15,"2":15,"3":15,"4":18,"5":9,"6":5,"7":1,"8":4,"9":4,"10":4,"11":4,"12":4,"13":36,"14":6,"15":4,"16":5,"17":5,"18":5,"19":4,"20":1,"21":1,"22":1,"23":0,"24":1,"25":0,"26":1,"27":3,"28":3,"29":2,"30":1,"31":1,"32":1,"33":1,"34":0,"35":1,"36":1,"37":2},"f":{"0":18,"1":9,"2":5,"3":5,"4":0,"5":2,"6":2},"b":{"0":[18,14,14,13],"1":[9,6],"2":[5],"3":[5],"4":[1,4],"5":[6,30],"6":[36,11,11],"7":[5],"8":[5],"9":[5],"10":[5],"11":[5],"12":[1,4],"13":[0,5],"14":[0,5],"15":[0,5],"16":[1,3],"17":[0,0,0],"18":[1,0],"19":[3,0],"20":[5,0],"21":[2],"22":[1,1],"23":[2,1],"24":[0,1],"25":[1,0]},"meta":{"lastBranch":26,"lastFunction":7,"lastStatement":38,"seen":{"s:1:15:1:Infinity":0,"s:2:16:2:Infinity":1,"s:3:17:3:Infinity":2,"s:5:31:25:Infinity":3,"f:27:9:27:21":0,"s:28:2:28:Infinity":4,"b:28:9:28:27:28:27:28:47:28:47:28:75:28:75:28:Infinity":0,"f:31:16:31:37":1,"s:32:2:32:Infinity":5,"b:32:9:32:32:32:32:32:Infinity":1,"f:35:9:35:18":2,"b:35:34:35:37":2,"b:35:46:35:50":3,"b:36:2:40:Infinity:undefined:undefined:undefined:undefined":4,"s:36:2:40:Infinity":6,"s:37:4:39:Infinity":7,"s:42:14:42:Infinity":8,"s:43:2:43:Infinity":9,"s:44:2:44:Infinity":10,"s:45:2:45:Infinity":11,"s:47:2:51:Infinity":12,"b:48:4:50:Infinity:undefined:undefined:undefined:undefined":5,"s:48:4:50:Infinity":13,"b:48:8:48:31:48:31:48:49:48:49:48:63":6,"s:49:6:49:Infinity":14,"s:53:2:53:Infinity":15,"f:56:22:56:33":3,"b:68:4:68:8":7,"b:57:12:57:Infinity":8,"b:58:9:58:Infinity":9,"b:59:10:59:Infinity":10,"b:60:9:60:Infinity":11,"s:69:17:79:Infinity":16,"b:72:26:72:30:72:30:72:Infinity":12,"b:73:26:73:30:73:30:73:Infinity":13,"b:74:27:74:31:74:31:74:Infinity":14,"b:75:25:75:29:75:29:75:Infinity":15,"s:81:14:81:Infinity":17,"s:82:14:82:Infinity":18,"b:84:2:95:Infinity:undefined:undefined:undefined:undefined":16,"s:84:2:95:Infinity":19,"s:85:17:85:Infinity":20,"s:86:4:91:Infinity":21,"s:87:19:87:Infinity":22,"s:88:6:88:Infinity":23,"b:88:15:88:34:88:34:88:51:88:51:88:Infinity":17,"s:90:6:90:Infinity":24,"f:90:32:90:44":4,"s:90:44:90:46":25,"s:92:4:94:Infinity":26,"b:93:49:93:66:93:66:93:70":18,"s:97:15:97:Infinity":27,"s:98:2:101:Infinity":28,"b:99:44:99:59:99:59:99:Infinity":19,"b:100:11:100:26:100:26:100:Infinity":20,"f:104:22:104:41":5,"b:104:51:104:57":21,"b:105:2:105:Infinity:undefined:undefined:undefined:undefined":22,"s:105:2:105:Infinity":29,"b:105:6:105:30:105:30:105:53":23,"s:105:53:105:Infinity":30,"s:106:14:106:Infinity":31,"s:107:14:107:Infinity":32,"b:108:2:108:Infinity:undefined:undefined:undefined:undefined":24,"s:108:2:108:Infinity":33,"s:108:15:108:Infinity":34,"s:109:15:109:Infinity":35,"s:110:2:113:Infinity":36,"b:110:24:110:41:110:41:110:43":25,"f:110:45:110:50":6,"s:110:68:113:4":37},"fnNames":{}}}
}
